This file contains any messages produced by compilers while
running configure, to aid debugging if configure makes a mistake.

It was created by family configure 1.0, which was
generated by GNU Autoconf 2.68.  Invocation command line was

  $ ./configure 

## --------- ##
## Platform. ##
## --------- ##

hostname = univ
uname -m = i686
uname -r = 3.2.0-55-generic-pae
uname -s = Linux
uname -v = #85-Ubuntu SMP Wed Oct 2 14:03:15 UTC 2013

/usr/bin/uname -p = unknown
/bin/uname -X     = unknown

/bin/arch              = unknown
/usr/bin/arch -k       = unknown
/usr/convex/getsysinfo = unknown
/usr/bin/hostinfo      = unknown
/bin/machine           = unknown
/usr/bin/oslevel       = unknown
/bin/universe          = unknown

PATH: /usr/lib/lightdm/lightdm
PATH: /usr/local/sbin
PATH: /usr/local/bin
PATH: /usr/sbin
PATH: /usr/bin
PATH: /sbin
PATH: /bin
PATH: /usr/games
PATH: /usr/lib/lightdm/lightdm
PATH: /usr/local/sbin
PATH: /usr/local/bin
PATH: /usr/sbin
PATH: /usr/bin
PATH: /sbin
PATH: /bin
PATH: /usr/games


## ----------- ##
## Core tests. ##
## ----------- ##

configure:1805: checking for a BSD-compatible install
configure:1873: result: /usr/bin/install -c
configure:1884: checking whether build environment is sane
configure:1934: result: yes
configure:2075: checking for a thread-safe mkdir -p
configure:2114: result: /bin/mkdir -p
configure:2127: checking for gawk
configure:2157: result: no
configure:2127: checking for mawk
configure:2143: found /usr/bin/mawk
configure:2154: result: mawk
configure:2165: checking whether make sets $(MAKE)
configure:2187: result: yes
configure:2320: checking for gcc
configure:2336: found /usr/bin/gcc
configure:2347: result: gcc
configure:2576: checking for C compiler version
configure:2585: gcc --version >&5
gcc (Ubuntu/Linaro 4.6.3-1ubuntu5) 4.6.3
Copyright (C) 2011 Free Software Foundation, Inc.
This is free software; see the source for copying conditions.  There is NO
warranty; not even for MERCHANTABILITY or FITNESS FOR A PARTICULAR PURPOSE.

configure:2596: $? = 0
configure:2585: gcc -v >&5
Using built-in specs.
COLLECT_GCC=gcc
COLLECT_LTO_WRAPPER=/usr/lib/gcc/i686-linux-gnu/4.6/lto-wrapper
Target: i686-linux-gnu
Configured with: ../src/configure -v --with-pkgversion='Ubuntu/Linaro 4.6.3-1ubuntu5' --with-bugurl=file:///usr/share/doc/gcc-4.6/README.Bugs --enable-languages=c,c++,fortran,objc,obj-c++ --prefix=/usr --program-suffix=-4.6 --enable-shared --enable-linker-build-id --with-system-zlib --libexecdir=/usr/lib --without-included-gettext --enable-threads=posix --with-gxx-include-dir=/usr/include/c++/4.6 --libdir=/usr/lib --enable-nls --with-sysroot=/ --enable-clocale=gnu --enable-libstdcxx-debug --enable-libstdcxx-time=yes --enable-gnu-unique-object --enable-plugin --enable-objc-gc --enable-targets=all --disable-werror --with-arch-32=i686 --with-tune=generic --enable-checking=release --build=i686-linux-gnu --host=i686-linux-gnu --target=i686-linux-gnu
Thread model: posix
gcc version 4.6.3 (Ubuntu/Linaro 4.6.3-1ubuntu5) 
configure:2596: $? = 0
configure:2585: gcc -V >&5
gcc: error: unrecognized option '-V'
gcc: fatal error: no input files
compilation terminated.
configure:2596: $? = 4
configure:2585: gcc -qversion >&5
gcc: error: unrecognized option '-qversion'
gcc: fatal error: no input files
compilation terminated.
configure:2596: $? = 4
configure:2616: checking whether the C compiler works
configure:2638: gcc    conftest.c  >&5
configure:2642: $? = 0
configure:2690: result: yes
configure:2693: checking for C compiler default output file name
configure:2695: result: a.out
configure:2701: checking for suffix of executables
configure:2708: gcc -o conftest    conftest.c  >&5
configure:2712: $? = 0
configure:2734: result: 
configure:2756: checking whether we are cross compiling
configure:2764: gcc -o conftest    conftest.c  >&5
configure:2768: $? = 0
configure:2775: ./conftest
configure:2779: $? = 0
configure:2794: result: no
configure:2799: checking for suffix of object files
configure:2821: gcc -c   conftest.c >&5
configure:2825: $? = 0
configure:2846: result: o
configure:2850: checking whether we are using the GNU C compiler
configure:2869: gcc -c   conftest.c >&5
configure:2869: $? = 0
configure:2878: result: yes
configure:2887: checking whether gcc accepts -g
configure:2907: gcc -c -g  conftest.c >&5
configure:2907: $? = 0
configure:2948: result: yes
configure:2965: checking for gcc option to accept ISO C89
configure:3029: gcc  -c -g -O2  conftest.c >&5
configure:3029: $? = 0
configure:3042: result: none needed
configure:3073: checking for style of include used by make
configure:3101: result: GNU
configure:3127: checking dependency style of gcc
configure:3238: result: gcc3
configure:3394: creating ./config.status

## ---------------------- ##
## Running config.status. ##
## ---------------------- ##

This file was extended by family config.status 1.0, which was
generated by GNU Autoconf 2.68.  Invocation command line was

  CONFIG_FILES    = 
  CONFIG_HEADERS  = 
  CONFIG_LINKS    = 
  CONFIG_COMMANDS = 
  $ ./config.status 

on univ

config.status:848: creating Makefile
config.status:848: creating src/Makefile
config.status:848: creating config.h
config.status:1077: executing depfiles commands

## ---------------- ##
## Cache variables. ##
## ---------------- ##

ac_cv_c_compiler_gnu=yes
ac_cv_env_CC_set=
ac_cv_env_CC_value=
ac_cv_env_CFLAGS_set=
ac_cv_env_CFLAGS_value=
ac_cv_env_CPPFLAGS_set=
ac_cv_env_CPPFLAGS_value=
ac_cv_env_LDFLAGS_set=
ac_cv_env_LDFLAGS_value=
ac_cv_env_LIBS_set=
ac_cv_env_LIBS_value=
ac_cv_env_build_alias_set=
ac_cv_env_build_alias_value=
ac_cv_env_host_alias_set=
ac_cv_env_host_alias_value=
ac_cv_env_target_alias_set=
ac_cv_env_target_alias_value=
ac_cv_objext=o
ac_cv_path_install='/usr/bin/install -c'
ac_cv_path_mkdir=/bin/mkdir
ac_cv_prog_AWK=mawk
ac_cv_prog_ac_ct_CC=gcc
ac_cv_prog_cc_c89=
ac_cv_prog_cc_g=yes
ac_cv_prog_make_make_set=yes
am_cv_CC_dependencies_compiler_type=gcc3

## ----------------- ##
## Output variables. ##
## ----------------- ##

ACLOCAL='${SHELL} /home/univ/feinote/c/GNUautotools/FimilyExample/missing --run aclocal-1.11'
AMDEPBACKSLASH='\'
AMDEP_FALSE='#'
AMDEP_TRUE=''
AMTAR='$${TAR-tar}'
AUTOCONF='${SHELL} /home/univ/feinote/c/GNUautotools/FimilyExample/missing --run autoconf'
AUTOHEADER='${SHELL} /home/univ/feinote/c/GNUautotools/FimilyExample/missing --run autoheader'
AUTOMAKE='${SHELL} /home/univ/feinote/c/GNUautotools/FimilyExample/missing --run automake-1.11'
AWK='mawk'
CC='gcc'
CCDEPMODE='depmode=gcc3'
CFLAGS='-g -O2'
CPPFLAGS=''
CYGPATH_W='echo'
DEFS='-DHAVE_CONFIG_H'
DEPDIR='.deps'
ECHO_C=''
ECHO_N='-n'
ECHO_T=''
EXEEXT=''
INSTALL_DATA='${INSTALL} -m 644'
INSTALL_PROGRAM='${INSTALL}'
INSTALL_SCRIPT='${INSTALL}'
INSTALL_STRIP_PROGRAM='$(install_sh) -c -s'
LDFLAGS=''
LIBOBJS=''
LIBS=''
LTLIBOBJS=''
MAKEINFO='${SHELL} /home/univ/feinote/c/GNUautotools/FimilyExample/missing --run makeinfo'
MKDIR_P='/bin/mkdir -p'
OBJEXT='o'
PACKAGE='family'
PACKAGE_BUGREPORT='826171850@qq.com'
PACKAGE_NAME='family'
PACKAGE_STRING='family 1.0'
PACKAGE_TARNAME='family'
PACKAGE_URL=''
PACKAGE_VERSION='1.0'
PATH_SEPARATOR=':'
SET_MAKE=''
SHELL='/bin/bash'
STRIP=''
VERSION='1.0'
ac_ct_CC='gcc'
am__EXEEXT_FALSE=''
am__EXEEXT_TRUE='#'
am__fastdepCC_FALSE='#'
am__fastdepCC_TRUE=''
am__include='include'
am__isrc=''
am__leading_dot='.'
am__nodep='_no'
am__quote=''
am__tar='$${TAR-tar} chof - "$$tardir"'
am__untar='$${TAR-tar} xf -'
bindir='${exec_prefix}/bin'
build_alias=''
datadir='${datarootdir}'
datarootdir='${prefix}/share'
docdir='${datarootdir}/doc/${PACKAGE_TARNAME}'
dvidir='${docdir}'
exec_prefix='${prefix}'
host_alias=''
htmldir='${docdir}'
includedir='${prefix}/include'
infodir='${datarootdir}/info'
install_sh='${SHELL} /home/univ/feinote/c/GNUautotools/FimilyExample/install-sh'
libdir='${exec_prefix}/lib'
libexecdir='${exec_prefix}/libexec'
localedir='${datarootdir}/locale'
localstatedir='${prefix}/var'
mandir='${datarootdir}/man'
mkdir_p='/bin/mkdir -p'
oldincludedir='/usr/include'
pdfdir='${docdir}'
prefix='/usr/local'
program_transform_name='s,x,x,'
psdir='${docdir}'
sbindir='${exec_prefix}/sbin'
sharedstatedir='${prefix}/com'
sysconfdir='${prefix}/etc'
target_alias=''

## ----------- ##
## confdefs.h. ##
## ----------- ##

/* confdefs.h */
#define PACKAGE_NAME "family"
#define PACKAGE_TARNAME "family"
#define PACKAGE_VERSION "1.0"
#define PACKAGE_STRING "family 1.0"
#define PACKAGE_BUGREPORT "826171850@qq.com"
#define PACKAGE_URL ""
#define PACKAGE "family"
#define VERSION "1.0"

configure: exit 0
